[-3174018ms] [WARNING] Deprecated API for given entry type. @ https://chat.google.com/_/scs/mss-static/_/js/k=boq-dynamite.DynamiteWebUi.en.ve58DmW0oEk.2020.O/am=tHuIwG2KcWIhUfRNiuUYMywwBBcrubwAEIEBAAAA1A_1xwyAkCkE/d=1/excm=LEikZe,MpJwZc,UUJqVe,_b,_tp,byfTOb,lsjVmc,n73qwf,worldmoleview/ed=1/dg=0/br=1/wt=2/ujg=1/rs=AKbVGRJ10Qtcpf9FTQ724rDHZ80EAjuyNQ/ee=A5y9vd:zD4Om;ALeOPe:DTA9dd;Arv56d:UdO36;AzIdse:ojcPFf;BK4xnc:zD4Om;BNeSrd:XZRlWd;BinpYe:wPW5Je;Bnf5Lc:iPDrZd;CMRktf:ZW5KY;CZJe2c:xpksr;Cs7pRb:qQduk;Cuiqff:yp00Ce;CvE5ld:MVRg7e;Cve7D:TELHZb;DGWCxb:CgYiQ;DNxJhd:Bzl3ie;DVZ75c:Mor8de;DbbF7c:kjdOUc;DbxXdc:y143V;Dhmcle:qlHtYe;DxNuKd:CKCuZd;E1tgbf:hMxPK;E3XX7c:InC9Ub;EAoUvb:aKikzb;EVNhjf:fsNJFc;EfKZq:QO2YB;EmZ2Bf:vGs3rf;EyYKNc:ADc1Qc;Eznmmf:ZBQqM;GKUnZb:WNRENb;GmdGTd:Ct4wsb;I3DTKc:LTQfve;IXc14:VZgraf;IZCWmd:yazeCb;IcWoFf:NQkIfb;Id7TY:NXrYEe;Iszphf:jCtEwf;J9XQCb:QxciMb;JDjXcd:Qd339;JLGZx:oSnDHf;Jceb7e:fK6Wgb;JsINff:yeaFZ;JsbNhc:Xd8iUd;JyyiTe:lFKLaf;K47mIb:iy83Rd;K5nYTd:ZDZcre;KKym4b:dTTbnb;KgXQpf:pQJdrb;KhTcad:Nsmud;Khto1c:rnNNUe;KyaRBc:kzsQ6c;LBgRLc:XVMNvd;LQJKcd:WuS5Ye;LX4U5d:N3PTud;Me32dd:MEeYgc;MurV8e:C4pije;N8ehxe:AKukpf;NJ1rfe:qTnoBf;NPKaK:PVlQOd;NSEoX:lazG7b;NSRL9:zZyJu;NWS6Fb:A7fCU,AUnC5d,FjL88d,HFL46d,HT8XDe,HyV36c,J7N9C,KhKOW,LAexbf,Mb9s2d,P6sQOc,U8QHR,UmkMob,Vui2Cf,WOh2n,Xl5qNd,ZVwchc,eaOP3d,gTs7K,jkL5Y,kjdOUc,pyllr,r1uDVb,uff4cb,yWLuYe;Npu58:KjiSxc;OOoYAb:Oj9pPe;OgGtFd:l4xuM;PKzJzb:dnkez;PgXDBd:dm1dhc;Pjplud:EEDORb,PoEs9b;PtidMb:lDtIYe;PvoCxe:h2wcn;Q7Achc:ZA4zWd;QGR0gd:Mlhmy;QIh6Ab:wxNcEf;QIpuhc:x5gF9b;QQs9bb:EppHbe;QhhnXd:ECzif;QhvHX:NQ1Nve;QybINc:gOU4je;R71MEe:KdO0tc;RRwdt:gGRuRe;RdHJhe:xa1Q7b;RhpTyb:DwUDld;SL22ab:CBRamd;SNUn3:ZwDk9d;SVvzme:BPB8ib;ScI3Yc:e7Hzgb;T3cJ6:TSi10d;TB8xhd:bbKX0d;TQJGG:MMwcGd;UNO1b:SBvVne;USPTDe:samWqd;UYtFJd:Cokwx;UaoURc:MWLzuf;UoW3Uc:idUhE;Up9aO:kY43Sc;Uvc8o:VDovNc;V7j7Sb:stsTjb;VJwZIe:W88LXc;WV7h2e:cFDJqd;Wi7p8b:RGpnhe,nSPh8d;XAcMgf:EDEDVd;XSYl9e:GNVVIb;Xv2Kbc:Mb9s2d;YIZmRd:A1yn5d;YKVAUb:qO1bmd;YU9uyb:UjNEfb;Ycdno:rkQZze;YfZO5c:CVuqWd;Yol6df:KyRf4c;Z8AODd:ihbx2;ZE1Tgd:nYt7rd;ZT1aHd:g7FNPe;ZgS14b:Tsco3e;ZjyI3e:W2v6fc;a0L2Wb:KEmQW;a56pNe:JEfCwb;aJKrOd:ECQehb;aPdIxb:F52gIc;b8kxce:ERypaf;bS8oAe:yjiWQe;cEt90b:hoG7he;cJj1Kd:A5k23d;d91XDb:SIFfhf;dDPGef:IiQq4e;dIoSBb:SpsfSb;dbAKmd:YHtpn;diLWlf:sPG4Yb;dowIGb:ebZ3mb;eBAeSb:HT8XDe;eSHXVe:rtwbef;eWFXjf:WUUEg;edU6zc:FWbgnf;fma02b:HZquLb;hGPvG:bna22;hPSmUc:yXJmEe;hgud7d:W54PAe;hqAEfb:T9U3df;hqnwXb:h3KkD;iFQyKf:QIhFr;iFxMwd:ctr3ub;ifZa8b:PaZbEe;isrdHb:g76ZJb;jbnncc:y8TRv;jcgIpf:skvfJb;k5L7ic:Kfw43b;kAY4yb:mo91qb;kK3L0:PLpYhe;kNqx7b:MNrazc;lOO0Vd:OTA3Ae;m4bwx:xvH6fd;ncQLMe:F6dgVe;nhTMMb:Dye5ne;nhYBxb:NZfh4b;oFd48c:l7VM1e;oGtAuc:WgD8Mc;oJejCf:u1kdYb;oVMxO:oroUaf;pXdRYb:MbvPjf;pb7frb:frmWbd;pcEDBc:XnyN2e;q8Ue1c:NXrYEe;qQEoOc:KUM7Z,d7YSfd;qSBODf:H8X5pc;qafBPd:yDVVkb;qddgKe:d7YSfd,xQtZb;qgOdad:vko54d;ql9Tk:U7525c,uqJhG;r3Fqsb:kzsQ6c;rFz9ic:XIElh;rLHlPe:tYRqRc;rRTjcf:qg38Pd;rarsed:Mb2qyd;rozW5c:dlCZjf;rtwbef:l6qHQe;rzrPR:skmZze;sFt7tf:hqV0Bd;sgnAWd:HkSoT;ssiZFc:BhQ85d;suodob:Q7PXad;tcdldd:oqwvtd;ueH5ab:eaOP3d;uff4cb:e13S9d;urKted:CeEtUe;utz9F:LHHgGe;w5CNu:zewPNd;wNp4Gc:k56rsf;wR5FRb:Maesy;xH8Hod:HBaAf;xa2sxc:YGFT8b;xbOSgd:e5G55;yAJVud:befDib;yD1Gde:ptNaqb;yIvSZb:qo6uHb;ye9FMd:QlMrob;yxTchf:KUM7Z;z8SUKb:l3LKAf;zBvUNc:fT8Mbb;zJxI2:kxz7Nb;zeNeeb:bGQoyc;zkXHwb:W7MyJe;zxjSOb:QoHYYd;zxnPse:GkRiKb,duFQFc/dti=1/m=_b,_tp,byfTOb,lsjVmc,LEikZe,n73qwf,UUJqVe,MpJwZc:923
[-3171177ms] [ERROR] Failed to load resource: net::ERR_BLOCKED_BY_CLIENT @ https://play.google.com/log?format=json&hasfast=true&authuser=0:0
[-3171165ms] [ERROR] Failed to load resource: net::ERR_BLOCKED_BY_CLIENT @ https://play.google.com/log?format=json&hasfast=true&authuser=0:0
[-3171165ms] [ERROR] Failed to load resource: net::ERR_BLOCKED_BY_CLIENT @ https://play.google.com/log?format=json&hasfast=true&authuser=0:0
[-3160773ms] [ERROR] Failed to load resource: net::ERR_BLOCKED_BY_CLIENT @ https://play.google.com/log?format=json&hasfast=true&authuser=0:0
[-3160715ms] [ERROR] Failed to load resource: net::ERR_BLOCKED_BY_CLIENT @ https://play.google.com/log?format=json&hasfast=true&authuser=0:0
[-3160656ms] [ERROR] Failed to load resource: net::ERR_BLOCKED_BY_CLIENT @ https://play.google.com/log?format=json&hasfast=true&authuser=0:0
[-3160341ms] [ERROR] Failed to load resource: net::ERR_BLOCKED_BY_CLIENT @ https://play.google.com/log?format=json&hasfast=true&authuser=0:0
[-3160283ms] [ERROR] Failed to load resource: net::ERR_BLOCKED_BY_CLIENT @ https://play.google.com/log?format=json&hasfast=true&authuser=0:0
[-3141427ms] [ERROR] Failed to load resource: net::ERR_BLOCKED_BY_CLIENT @ https://play.google.com/log?format=json&hasfast=true&authuser=0:0
[-3139922ms] [ERROR] Failed to load resource: net::ERR_BLOCKED_BY_CLIENT @ https://play.google.com/log?format=json&hasfast=true&authuser=0:0
[-3102974ms] [ERROR] Failed to load resource: net::ERR_BLOCKED_BY_CLIENT @ https://play.google.com/log?format=json&hasfast=true&authuser=0:0
[-3101573ms] [ERROR] Failed to load resource: net::ERR_BLOCKED_BY_CLIENT @ https://play.google.com/log?format=json&hasfast=true&authuser=0:0
[-3096540ms] [ERROR] Failed to load resource: net::ERR_BLOCKED_BY_CLIENT @ https://play.google.com/log?format=json&hasfast=true&authuser=0:0
[-3017253ms] [ERROR] Failed to load resource: net::ERR_BLOCKED_BY_CLIENT @ https://play.google.com/log?format=json&hasfast=true&authuser=0:0
[-2947255ms] [ERROR] Failed to load resource: net::ERR_BLOCKED_BY_CLIENT @ https://play.google.com/log?format=json&hasfast=true&authuser=0:0
[-2868787ms] [ERROR] Failed to load resource: net::ERR_BLOCKED_BY_CLIENT @ https://play.google.com/log?format=json&hasfast=true&authuser=0:0
[-2798787ms] [ERROR] Failed to load resource: net::ERR_BLOCKED_BY_CLIENT @ https://play.google.com/log?format=json&hasfast=true&authuser=0:0
[-2683529ms] [ERROR] Failed to load resource: net::ERR_BLOCKED_BY_CLIENT @ https://play.google.com/log?format=json&hasfast=true&authuser=0:0
[-2596908ms] [ERROR] Failed to load resource: net::ERR_BLOCKED_BY_CLIENT @ https://play.google.com/log?format=json&hasfast=true&authuser=0:0
[-2573846ms] [ERROR] Failed to load resource: net::ERR_BLOCKED_BY_CLIENT @ https://play.google.com/log?format=json&hasfast=true&authuser=0:0
[-2526910ms] [ERROR] Failed to load resource: net::ERR_BLOCKED_BY_CLIENT @ https://play.google.com/log?format=json&hasfast=true&authuser=0:0
[-2277213ms] [ERROR] Failed to load resource: net::ERR_BLOCKED_BY_CLIENT @ https://play.google.com/log?format=json&hasfast=true&authuser=0:0
[-2207213ms] [ERROR] Failed to load resource: net::ERR_BLOCKED_BY_CLIENT @ https://play.google.com/log?format=json&hasfast=true&authuser=0:0
[-2156422ms] [ERROR] Failed to load resource: net::ERR_BLOCKED_BY_CLIENT @ https://play.google.com/log?format=json&hasfast=true&authuser=0:0
[-1977116ms] [ERROR] Failed to load resource: net::ERR_BLOCKED_BY_CLIENT @ https://play.google.com/log?format=json&hasfast=true&authuser=0:0
[-1973843ms] [ERROR] Failed to load resource: net::ERR_BLOCKED_BY_CLIENT @ https://play.google.com/log?format=json&hasfast=true&authuser=0:0
[-1971852ms] [ERROR] Failed to load resource: net::ERR_BLOCKED_BY_CLIENT @ https://play.google.com/log?format=json&hasfast=true&authuser=0:0
[-1907121ms] [ERROR] Failed to load resource: net::ERR_BLOCKED_BY_CLIENT @ https://play.google.com/log?format=json&hasfast=true&authuser=0:0
[-1688079ms] [ERROR] Failed to load resource: net::ERR_BLOCKED_BY_CLIENT @ https://play.google.com/log?format=json&hasfast=true&authuser=0:0
[-1618083ms] [ERROR] Failed to load resource: net::ERR_BLOCKED_BY_CLIENT @ https://play.google.com/log?format=json&hasfast=true&authuser=0:0
[-1474086ms] [ERROR] Failed to load resource: net::ERR_BLOCKED_BY_CLIENT @ https://play.google.com/log?format=json&hasfast=true&authuser=0:0
[-1391262ms] [ERROR] Failed to load resource: net::ERR_BLOCKED_BY_CLIENT @ https://play.google.com/log?format=json&hasfast=true&authuser=0:0
[-1373781ms] [ERROR] Failed to load resource: net::ERR_BLOCKED_BY_CLIENT @ https://play.google.com/log?format=json&hasfast=true&authuser=0:0
[-1371836ms] [ERROR] Failed to load resource: net::ERR_BLOCKED_BY_CLIENT @ https://play.google.com/log?format=json&hasfast=true&authuser=0:0
[-1370683ms] [ERROR] Failed to load resource: net::ERR_BLOCKED_BY_CLIENT @ https://play.google.com/log?format=json&hasfast=true&authuser=0:0
[-1321267ms] [ERROR] Failed to load resource: net::ERR_BLOCKED_BY_CLIENT @ https://play.google.com/log?format=json&hasfast=true&authuser=0:0
[-1073665ms] [ERROR] Failed to load resource: net::ERR_BLOCKED_BY_CLIENT @ https://play.google.com/log?format=json&hasfast=true&authuser=0:0
[-1060278ms] [ERROR] Failed to load resource: net::ERR_BLOCKED_BY_CLIENT @ https://play.google.com/log?format=json&hasfast=true&authuser=0:0
[-1003667ms] [ERROR] Failed to load resource: net::ERR_BLOCKED_BY_CLIENT @ https://play.google.com/log?format=json&hasfast=true&authuser=0:0
[ -773799ms] [ERROR] Failed to load resource: net::ERR_BLOCKED_BY_CLIENT @ https://play.google.com/log?format=json&hasfast=true&authuser=0:0
[ -771844ms] [ERROR] Failed to load resource: net::ERR_BLOCKED_BY_CLIENT @ https://play.google.com/log?format=json&hasfast=true&authuser=0:0
[ -703798ms] [ERROR] Failed to load resource: net::ERR_BLOCKED_BY_CLIENT @ https://play.google.com/log?format=json&hasfast=true&authuser=0:0
[ -671148ms] [ERROR] Failed to load resource: net::ERR_QUIC_PROTOCOL_ERROR @ https://chat.google.com/u/0/webchannel/events?VER=8&RID=rpc&SID=RrnBQssG3Ox0NgUTwLdlfw&AID=130&CI=0&TYPE=xmlhttp&zx=wk6v24ebec01&t=1:0
[ -476576ms] [ERROR] Failed to load resource: net::ERR_BLOCKED_BY_CLIENT @ https://play.google.com/log?format=json&hasfast=true&authuser=0:0
[ -473691ms] [ERROR] Failed to load resource: net::ERR_BLOCKED_BY_CLIENT @ https://play.google.com/log?format=json&hasfast=true&authuser=0:0
[ -403694ms] [ERROR] Failed to load resource: net::ERR_BLOCKED_BY_CLIENT @ https://play.google.com/log?format=json&hasfast=true&authuser=0:0
[ -190014ms] [ERROR] Failed to load resource: net::ERR_BLOCKED_BY_CLIENT @ https://play.google.com/log?format=json&hasfast=true&authuser=0:0
[ -173835ms] [ERROR] Failed to load resource: net::ERR_BLOCKED_BY_CLIENT @ https://play.google.com/log?format=json&hasfast=true&authuser=0:0
[ -171835ms] [ERROR] Failed to load resource: net::ERR_BLOCKED_BY_CLIENT @ https://play.google.com/log?format=json&hasfast=true&authuser=0:0
[ -120042ms] [ERROR] Failed to load resource: net::ERR_BLOCKED_BY_CLIENT @ https://play.google.com/log?format=json&hasfast=true&authuser=0:0
[-3174018ms] [WARNING] Deprecated API for given entry type. @ https://chat.google.com/_/scs/mss-static/_/js/k=boq-dynamite.DynamiteWebUi.en.ve58DmW0oEk.2020.O/am=tHuIwG2KcWIhUfRNiuUYMywwBBcrubwAEIEBAAAA1A_1xwyAkCkE/d=1/excm=LEikZe,MpJwZc,UUJqVe,_b,_tp,byfTOb,lsjVmc,n73qwf,worldmoleview/ed=1/dg=0/br=1/wt=2/ujg=1/rs=AKbVGRJ10Qtcpf9FTQ724rDHZ80EAjuyNQ/ee=A5y9vd:zD4Om;ALeOPe:DTA9dd;Arv56d:UdO36;AzIdse:ojcPFf;BK4xnc:zD4Om;BNeSrd:XZRlWd;BinpYe:wPW5Je;Bnf5Lc:iPDrZd;CMRktf:ZW5KY;CZJe2c:xpksr;Cs7pRb:qQduk;Cuiqff:yp00Ce;CvE5ld:MVRg7e;Cve7D:TELHZb;DGWCxb:CgYiQ;DNxJhd:Bzl3ie;DVZ75c:Mor8de;DbbF7c:kjdOUc;DbxXdc:y143V;Dhmcle:qlHtYe;DxNuKd:CKCuZd;E1tgbf:hMxPK;E3XX7c:InC9Ub;EAoUvb:aKikzb;EVNhjf:fsNJFc;EfKZq:QO2YB;EmZ2Bf:vGs3rf;EyYKNc:ADc1Qc;Eznmmf:ZBQqM;GKUnZb:WNRENb;GmdGTd:Ct4wsb;I3DTKc:LTQfve;IXc14:VZgraf;IZCWmd:yazeCb;IcWoFf:NQkIfb;Id7TY:NXrYEe;Iszphf:jCtEwf;J9XQCb:QxciMb;JDjXcd:Qd339;JLGZx:oSnDHf;Jceb7e:fK6Wgb;JsINff:yeaFZ;JsbNhc:Xd8iUd;JyyiTe:lFKLaf;K47mIb:iy83Rd;K5nYTd:ZDZcre;KKym4b:dTTbnb;KgXQpf:pQJdrb;KhTcad:Nsmud;Khto1c:rnNNUe;KyaRBc:kzsQ6c;LBgRLc:XVMNvd;LQJKcd:WuS5Ye;LX4U5d:N3PTud;Me32dd:MEeYgc;MurV8e:C4pije;N8ehxe:AKukpf;NJ1rfe:qTnoBf;NPKaK:PVlQOd;NSEoX:lazG7b;NSRL9:zZyJu;NWS6Fb:A7fCU,AUnC5d,FjL88d,HFL46d,HT8XDe,HyV36c,J7N9C,KhKOW,LAexbf,Mb9s2d,P6sQOc,U8QHR,UmkMob,Vui2Cf,WOh2n,Xl5qNd,ZVwchc,eaOP3d,gTs7K,jkL5Y,kjdOUc,pyllr,r1uDVb,uff4cb,yWLuYe;Npu58:KjiSxc;OOoYAb:Oj9pPe;OgGtFd:l4xuM;PKzJzb:dnkez;PgXDBd:dm1dhc;Pjplud:EEDORb,PoEs9b;PtidMb:lDtIYe;PvoCxe:h2wcn;Q7Achc:ZA4zWd;QGR0gd:Mlhmy;QIh6Ab:wxNcEf;QIpuhc:x5gF9b;QQs9bb:EppHbe;QhhnXd:ECzif;QhvHX:NQ1Nve;QybINc:gOU4je;R71MEe:KdO0tc;RRwdt:gGRuRe;RdHJhe:xa1Q7b;RhpTyb:DwUDld;SL22ab:CBRamd;SNUn3:ZwDk9d;SVvzme:BPB8ib;ScI3Yc:e7Hzgb;T3cJ6:TSi10d;TB8xhd:bbKX0d;TQJGG:MMwcGd;UNO1b:SBvVne;USPTDe:samWqd;UYtFJd:Cokwx;UaoURc:MWLzuf;UoW3Uc:idUhE;Up9aO:kY43Sc;Uvc8o:VDovNc;V7j7Sb:stsTjb;VJwZIe:W88LXc;WV7h2e:cFDJqd;Wi7p8b:RGpnhe,nSPh8d;XAcMgf:EDEDVd;XSYl9e:GNVVIb;Xv2Kbc:Mb9s2d;YIZmRd:A1yn5d;YKVAUb:qO1bmd;YU9uyb:UjNEfb;Ycdno:rkQZze;YfZO5c:CVuqWd;Yol6df:KyRf4c;Z8AODd:ihbx2;ZE1Tgd:nYt7rd;ZT1aHd:g7FNPe;ZgS14b:Tsco3e;ZjyI3e:W2v6fc;a0L2Wb:KEmQW;a56pNe:JEfCwb;aJKrOd:ECQehb;aPdIxb:F52gIc;b8kxce:ERypaf;bS8oAe:yjiWQe;cEt90b:hoG7he;cJj1Kd:A5k23d;d91XDb:SIFfhf;dDPGef:IiQq4e;dIoSBb:SpsfSb;dbAKmd:YHtpn;diLWlf:sPG4Yb;dowIGb:ebZ3mb;eBAeSb:HT8XDe;eSHXVe:rtwbef;eWFXjf:WUUEg;edU6zc:FWbgnf;fma02b:HZquLb;hGPvG:bna22;hPSmUc:yXJmEe;hgud7d:W54PAe;hqAEfb:T9U3df;hqnwXb:h3KkD;iFQyKf:QIhFr;iFxMwd:ctr3ub;ifZa8b:PaZbEe;isrdHb:g76ZJb;jbnncc:y8TRv;jcgIpf:skvfJb;k5L7ic:Kfw43b;kAY4yb:mo91qb;kK3L0:PLpYhe;kNqx7b:MNrazc;lOO0Vd:OTA3Ae;m4bwx:xvH6fd;ncQLMe:F6dgVe;nhTMMb:Dye5ne;nhYBxb:NZfh4b;oFd48c:l7VM1e;oGtAuc:WgD8Mc;oJejCf:u1kdYb;oVMxO:oroUaf;pXdRYb:MbvPjf;pb7frb:frmWbd;pcEDBc:XnyN2e;q8Ue1c:NXrYEe;qQEoOc:KUM7Z,d7YSfd;qSBODf:H8X5pc;qafBPd:yDVVkb;qddgKe:d7YSfd,xQtZb;qgOdad:vko54d;ql9Tk:U7525c,uqJhG;r3Fqsb:kzsQ6c;rFz9ic:XIElh;rLHlPe:tYRqRc;rRTjcf:qg38Pd;rarsed:Mb2qyd;rozW5c:dlCZjf;rtwbef:l6qHQe;rzrPR:skmZze;sFt7tf:hqV0Bd;sgnAWd:HkSoT;ssiZFc:BhQ85d;suodob:Q7PXad;tcdldd:oqwvtd;ueH5ab:eaOP3d;uff4cb:e13S9d;urKted:CeEtUe;utz9F:LHHgGe;w5CNu:zewPNd;wNp4Gc:k56rsf;wR5FRb:Maesy;xH8Hod:HBaAf;xa2sxc:YGFT8b;xbOSgd:e5G55;yAJVud:befDib;yD1Gde:ptNaqb;yIvSZb:qo6uHb;ye9FMd:QlMrob;yxTchf:KUM7Z;z8SUKb:l3LKAf;zBvUNc:fT8Mbb;zJxI2:kxz7Nb;zeNeeb:bGQoyc;zkXHwb:W7MyJe;zxjSOb:QoHYYd;zxnPse:GkRiKb,duFQFc/dti=1/m=_b,_tp,byfTOb,lsjVmc,LEikZe,n73qwf,UUJqVe,MpJwZc:923
[-3171177ms] [ERROR] Failed to load resource: net::ERR_BLOCKED_BY_CLIENT @ https://play.google.com/log?format=json&hasfast=true&authuser=0:0
[-3171165ms] [ERROR] Failed to load resource: net::ERR_BLOCKED_BY_CLIENT @ https://play.google.com/log?format=json&hasfast=true&authuser=0:0
[-3171165ms] [ERROR] Failed to load resource: net::ERR_BLOCKED_BY_CLIENT @ https://play.google.com/log?format=json&hasfast=true&authuser=0:0
[-3160773ms] [ERROR] Failed to load resource: net::ERR_BLOCKED_BY_CLIENT @ https://play.google.com/log?format=json&hasfast=true&authuser=0:0
[-3160715ms] [ERROR] Failed to load resource: net::ERR_BLOCKED_BY_CLIENT @ https://play.google.com/log?format=json&hasfast=true&authuser=0:0
[-3160656ms] [ERROR] Failed to load resource: net::ERR_BLOCKED_BY_CLIENT @ https://play.google.com/log?format=json&hasfast=true&authuser=0:0
[-3160341ms] [ERROR] Failed to load resource: net::ERR_BLOCKED_BY_CLIENT @ https://play.google.com/log?format=json&hasfast=true&authuser=0:0
[-3160283ms] [ERROR] Failed to load resource: net::ERR_BLOCKED_BY_CLIENT @ https://play.google.com/log?format=json&hasfast=true&authuser=0:0
[-3141427ms] [ERROR] Failed to load resource: net::ERR_BLOCKED_BY_CLIENT @ https://play.google.com/log?format=json&hasfast=true&authuser=0:0
[-3139922ms] [ERROR] Failed to load resource: net::ERR_BLOCKED_BY_CLIENT @ https://play.google.com/log?format=json&hasfast=true&authuser=0:0
[-3102974ms] [ERROR] Failed to load resource: net::ERR_BLOCKED_BY_CLIENT @ https://play.google.com/log?format=json&hasfast=true&authuser=0:0
[-3101573ms] [ERROR] Failed to load resource: net::ERR_BLOCKED_BY_CLIENT @ https://play.google.com/log?format=json&hasfast=true&authuser=0:0
[-3096540ms] [ERROR] Failed to load resource: net::ERR_BLOCKED_BY_CLIENT @ https://play.google.com/log?format=json&hasfast=true&authuser=0:0
[-3017253ms] [ERROR] Failed to load resource: net::ERR_BLOCKED_BY_CLIENT @ https://play.google.com/log?format=json&hasfast=true&authuser=0:0
[-2947255ms] [ERROR] Failed to load resource: net::ERR_BLOCKED_BY_CLIENT @ https://play.google.com/log?format=json&hasfast=true&authuser=0:0
[-2868787ms] [ERROR] Failed to load resource: net::ERR_BLOCKED_BY_CLIENT @ https://play.google.com/log?format=json&hasfast=true&authuser=0:0
[-2798787ms] [ERROR] Failed to load resource: net::ERR_BLOCKED_BY_CLIENT @ https://play.google.com/log?format=json&hasfast=true&authuser=0:0
[-2683529ms] [ERROR] Failed to load resource: net::ERR_BLOCKED_BY_CLIENT @ https://play.google.com/log?format=json&hasfast=true&authuser=0:0
[-2596908ms] [ERROR] Failed to load resource: net::ERR_BLOCKED_BY_CLIENT @ https://play.google.com/log?format=json&hasfast=true&authuser=0:0
[-2573846ms] [ERROR] Failed to load resource: net::ERR_BLOCKED_BY_CLIENT @ https://play.google.com/log?format=json&hasfast=true&authuser=0:0
[-2526910ms] [ERROR] Failed to load resource: net::ERR_BLOCKED_BY_CLIENT @ https://play.google.com/log?format=json&hasfast=true&authuser=0:0
[-2277213ms] [ERROR] Failed to load resource: net::ERR_BLOCKED_BY_CLIENT @ https://play.google.com/log?format=json&hasfast=true&authuser=0:0
[-2207213ms] [ERROR] Failed to load resource: net::ERR_BLOCKED_BY_CLIENT @ https://play.google.com/log?format=json&hasfast=true&authuser=0:0
[-2156422ms] [ERROR] Failed to load resource: net::ERR_BLOCKED_BY_CLIENT @ https://play.google.com/log?format=json&hasfast=true&authuser=0:0
[-1977116ms] [ERROR] Failed to load resource: net::ERR_BLOCKED_BY_CLIENT @ https://play.google.com/log?format=json&hasfast=true&authuser=0:0
[-1973843ms] [ERROR] Failed to load resource: net::ERR_BLOCKED_BY_CLIENT @ https://play.google.com/log?format=json&hasfast=true&authuser=0:0
[-1971852ms] [ERROR] Failed to load resource: net::ERR_BLOCKED_BY_CLIENT @ https://play.google.com/log?format=json&hasfast=true&authuser=0:0
[-1907121ms] [ERROR] Failed to load resource: net::ERR_BLOCKED_BY_CLIENT @ https://play.google.com/log?format=json&hasfast=true&authuser=0:0
[-1688079ms] [ERROR] Failed to load resource: net::ERR_BLOCKED_BY_CLIENT @ https://play.google.com/log?format=json&hasfast=true&authuser=0:0
[-1618083ms] [ERROR] Failed to load resource: net::ERR_BLOCKED_BY_CLIENT @ https://play.google.com/log?format=json&hasfast=true&authuser=0:0
[-1474086ms] [ERROR] Failed to load resource: net::ERR_BLOCKED_BY_CLIENT @ https://play.google.com/log?format=json&hasfast=true&authuser=0:0
[-1391262ms] [ERROR] Failed to load resource: net::ERR_BLOCKED_BY_CLIENT @ https://play.google.com/log?format=json&hasfast=true&authuser=0:0
[-1373781ms] [ERROR] Failed to load resource: net::ERR_BLOCKED_BY_CLIENT @ https://play.google.com/log?format=json&hasfast=true&authuser=0:0
[-1371836ms] [ERROR] Failed to load resource: net::ERR_BLOCKED_BY_CLIENT @ https://play.google.com/log?format=json&hasfast=true&authuser=0:0
[-1370683ms] [ERROR] Failed to load resource: net::ERR_BLOCKED_BY_CLIENT @ https://play.google.com/log?format=json&hasfast=true&authuser=0:0
[-1321267ms] [ERROR] Failed to load resource: net::ERR_BLOCKED_BY_CLIENT @ https://play.google.com/log?format=json&hasfast=true&authuser=0:0
[-1073665ms] [ERROR] Failed to load resource: net::ERR_BLOCKED_BY_CLIENT @ https://play.google.com/log?format=json&hasfast=true&authuser=0:0
[-1060278ms] [ERROR] Failed to load resource: net::ERR_BLOCKED_BY_CLIENT @ https://play.google.com/log?format=json&hasfast=true&authuser=0:0
[-1003667ms] [ERROR] Failed to load resource: net::ERR_BLOCKED_BY_CLIENT @ https://play.google.com/log?format=json&hasfast=true&authuser=0:0
[ -773799ms] [ERROR] Failed to load resource: net::ERR_BLOCKED_BY_CLIENT @ https://play.google.com/log?format=json&hasfast=true&authuser=0:0
[ -771844ms] [ERROR] Failed to load resource: net::ERR_BLOCKED_BY_CLIENT @ https://play.google.com/log?format=json&hasfast=true&authuser=0:0
[ -703798ms] [ERROR] Failed to load resource: net::ERR_BLOCKED_BY_CLIENT @ https://play.google.com/log?format=json&hasfast=true&authuser=0:0
[ -671148ms] [ERROR] Failed to load resource: net::ERR_QUIC_PROTOCOL_ERROR @ https://chat.google.com/u/0/webchannel/events?VER=8&RID=rpc&SID=RrnBQssG3Ox0NgUTwLdlfw&AID=130&CI=0&TYPE=xmlhttp&zx=wk6v24ebec01&t=1:0
[ -476576ms] [ERROR] Failed to load resource: net::ERR_BLOCKED_BY_CLIENT @ https://play.google.com/log?format=json&hasfast=true&authuser=0:0
[ -473691ms] [ERROR] Failed to load resource: net::ERR_BLOCKED_BY_CLIENT @ https://play.google.com/log?format=json&hasfast=true&authuser=0:0
[ -403694ms] [ERROR] Failed to load resource: net::ERR_BLOCKED_BY_CLIENT @ https://play.google.com/log?format=json&hasfast=true&authuser=0:0
[ -190014ms] [ERROR] Failed to load resource: net::ERR_BLOCKED_BY_CLIENT @ https://play.google.com/log?format=json&hasfast=true&authuser=0:0
[ -173835ms] [ERROR] Failed to load resource: net::ERR_BLOCKED_BY_CLIENT @ https://play.google.com/log?format=json&hasfast=true&authuser=0:0
[ -171835ms] [ERROR] Failed to load resource: net::ERR_BLOCKED_BY_CLIENT @ https://play.google.com/log?format=json&hasfast=true&authuser=0:0
[ -120042ms] [ERROR] Failed to load resource: net::ERR_BLOCKED_BY_CLIENT @ https://play.google.com/log?format=json&hasfast=true&authuser=0:0
[-3174018ms] [WARNING] Deprecated API for given entry type. @ https://chat.google.com/_/scs/mss-static/_/js/k=boq-dynamite.DynamiteWebUi.en.ve58DmW0oEk.2020.O/am=tHuIwG2KcWIhUfRNiuUYMywwBBcrubwAEIEBAAAA1A_1xwyAkCkE/d=1/excm=LEikZe,MpJwZc,UUJqVe,_b,_tp,byfTOb,lsjVmc,n73qwf,worldmoleview/ed=1/dg=0/br=1/wt=2/ujg=1/rs=AKbVGRJ10Qtcpf9FTQ724rDHZ80EAjuyNQ/ee=A5y9vd:zD4Om;ALeOPe:DTA9dd;Arv56d:UdO36;AzIdse:ojcPFf;BK4xnc:zD4Om;BNeSrd:XZRlWd;BinpYe:wPW5Je;Bnf5Lc:iPDrZd;CMRktf:ZW5KY;CZJe2c:xpksr;Cs7pRb:qQduk;Cuiqff:yp00Ce;CvE5ld:MVRg7e;Cve7D:TELHZb;DGWCxb:CgYiQ;DNxJhd:Bzl3ie;DVZ75c:Mor8de;DbbF7c:kjdOUc;DbxXdc:y143V;Dhmcle:qlHtYe;DxNuKd:CKCuZd;E1tgbf:hMxPK;E3XX7c:InC9Ub;EAoUvb:aKikzb;EVNhjf:fsNJFc;EfKZq:QO2YB;EmZ2Bf:vGs3rf;EyYKNc:ADc1Qc;Eznmmf:ZBQqM;GKUnZb:WNRENb;GmdGTd:Ct4wsb;I3DTKc:LTQfve;IXc14:VZgraf;IZCWmd:yazeCb;IcWoFf:NQkIfb;Id7TY:NXrYEe;Iszphf:jCtEwf;J9XQCb:QxciMb;JDjXcd:Qd339;JLGZx:oSnDHf;Jceb7e:fK6Wgb;JsINff:yeaFZ;JsbNhc:Xd8iUd;JyyiTe:lFKLaf;K47mIb:iy83Rd;K5nYTd:ZDZcre;KKym4b:dTTbnb;KgXQpf:pQJdrb;KhTcad:Nsmud;Khto1c:rnNNUe;KyaRBc:kzsQ6c;LBgRLc:XVMNvd;LQJKcd:WuS5Ye;LX4U5d:N3PTud;Me32dd:MEeYgc;MurV8e:C4pije;N8ehxe:AKukpf;NJ1rfe:qTnoBf;NPKaK:PVlQOd;NSEoX:lazG7b;NSRL9:zZyJu;NWS6Fb:A7fCU,AUnC5d,FjL88d,HFL46d,HT8XDe,HyV36c,J7N9C,KhKOW,LAexbf,Mb9s2d,P6sQOc,U8QHR,UmkMob,Vui2Cf,WOh2n,Xl5qNd,ZVwchc,eaOP3d,gTs7K,jkL5Y,kjdOUc,pyllr,r1uDVb,uff4cb,yWLuYe;Npu58:KjiSxc;OOoYAb:Oj9pPe;OgGtFd:l4xuM;PKzJzb:dnkez;PgXDBd:dm1dhc;Pjplud:EEDORb,PoEs9b;PtidMb:lDtIYe;PvoCxe:h2wcn;Q7Achc:ZA4zWd;QGR0gd:Mlhmy;QIh6Ab:wxNcEf;QIpuhc:x5gF9b;QQs9bb:EppHbe;QhhnXd:ECzif;QhvHX:NQ1Nve;QybINc:gOU4je;R71MEe:KdO0tc;RRwdt:gGRuRe;RdHJhe:xa1Q7b;RhpTyb:DwUDld;SL22ab:CBRamd;SNUn3:ZwDk9d;SVvzme:BPB8ib;ScI3Yc:e7Hzgb;T3cJ6:TSi10d;TB8xhd:bbKX0d;TQJGG:MMwcGd;UNO1b:SBvVne;USPTDe:samWqd;UYtFJd:Cokwx;UaoURc:MWLzuf;UoW3Uc:idUhE;Up9aO:kY43Sc;Uvc8o:VDovNc;V7j7Sb:stsTjb;VJwZIe:W88LXc;WV7h2e:cFDJqd;Wi7p8b:RGpnhe,nSPh8d;XAcMgf:EDEDVd;XSYl9e:GNVVIb;Xv2Kbc:Mb9s2d;YIZmRd:A1yn5d;YKVAUb:qO1bmd;YU9uyb:UjNEfb;Ycdno:rkQZze;YfZO5c:CVuqWd;Yol6df:KyRf4c;Z8AODd:ihbx2;ZE1Tgd:nYt7rd;ZT1aHd:g7FNPe;ZgS14b:Tsco3e;ZjyI3e:W2v6fc;a0L2Wb:KEmQW;a56pNe:JEfCwb;aJKrOd:ECQehb;aPdIxb:F52gIc;b8kxce:ERypaf;bS8oAe:yjiWQe;cEt90b:hoG7he;cJj1Kd:A5k23d;d91XDb:SIFfhf;dDPGef:IiQq4e;dIoSBb:SpsfSb;dbAKmd:YHtpn;diLWlf:sPG4Yb;dowIGb:ebZ3mb;eBAeSb:HT8XDe;eSHXVe:rtwbef;eWFXjf:WUUEg;edU6zc:FWbgnf;fma02b:HZquLb;hGPvG:bna22;hPSmUc:yXJmEe;hgud7d:W54PAe;hqAEfb:T9U3df;hqnwXb:h3KkD;iFQyKf:QIhFr;iFxMwd:ctr3ub;ifZa8b:PaZbEe;isrdHb:g76ZJb;jbnncc:y8TRv;jcgIpf:skvfJb;k5L7ic:Kfw43b;kAY4yb:mo91qb;kK3L0:PLpYhe;kNqx7b:MNrazc;lOO0Vd:OTA3Ae;m4bwx:xvH6fd;ncQLMe:F6dgVe;nhTMMb:Dye5ne;nhYBxb:NZfh4b;oFd48c:l7VM1e;oGtAuc:WgD8Mc;oJejCf:u1kdYb;oVMxO:oroUaf;pXdRYb:MbvPjf;pb7frb:frmWbd;pcEDBc:XnyN2e;q8Ue1c:NXrYEe;qQEoOc:KUM7Z,d7YSfd;qSBODf:H8X5pc;qafBPd:yDVVkb;qddgKe:d7YSfd,xQtZb;qgOdad:vko54d;ql9Tk:U7525c,uqJhG;r3Fqsb:kzsQ6c;rFz9ic:XIElh;rLHlPe:tYRqRc;rRTjcf:qg38Pd;rarsed:Mb2qyd;rozW5c:dlCZjf;rtwbef:l6qHQe;rzrPR:skmZze;sFt7tf:hqV0Bd;sgnAWd:HkSoT;ssiZFc:BhQ85d;suodob:Q7PXad;tcdldd:oqwvtd;ueH5ab:eaOP3d;uff4cb:e13S9d;urKted:CeEtUe;utz9F:LHHgGe;w5CNu:zewPNd;wNp4Gc:k56rsf;wR5FRb:Maesy;xH8Hod:HBaAf;xa2sxc:YGFT8b;xbOSgd:e5G55;yAJVud:befDib;yD1Gde:ptNaqb;yIvSZb:qo6uHb;ye9FMd:QlMrob;yxTchf:KUM7Z;z8SUKb:l3LKAf;zBvUNc:fT8Mbb;zJxI2:kxz7Nb;zeNeeb:bGQoyc;zkXHwb:W7MyJe;zxjSOb:QoHYYd;zxnPse:GkRiKb,duFQFc/dti=1/m=_b,_tp,byfTOb,lsjVmc,LEikZe,n73qwf,UUJqVe,MpJwZc:923
[-3171177ms] [ERROR] Failed to load resource: net::ERR_BLOCKED_BY_CLIENT @ https://play.google.com/log?format=json&hasfast=true&authuser=0:0
[-3171165ms] [ERROR] Failed to load resource: net::ERR_BLOCKED_BY_CLIENT @ https://play.google.com/log?format=json&hasfast=true&authuser=0:0
[-3171165ms] [ERROR] Failed to load resource: net::ERR_BLOCKED_BY_CLIENT @ https://play.google.com/log?format=json&hasfast=true&authuser=0:0
[-3160773ms] [ERROR] Failed to load resource: net::ERR_BLOCKED_BY_CLIENT @ https://play.google.com/log?format=json&hasfast=true&authuser=0:0
[-3160715ms] [ERROR] Failed to load resource: net::ERR_BLOCKED_BY_CLIENT @ https://play.google.com/log?format=json&hasfast=true&authuser=0:0
[-3160656ms] [ERROR] Failed to load resource: net::ERR_BLOCKED_BY_CLIENT @ https://play.google.com/log?format=json&hasfast=true&authuser=0:0
[-3160341ms] [ERROR] Failed to load resource: net::ERR_BLOCKED_BY_CLIENT @ https://play.google.com/log?format=json&hasfast=true&authuser=0:0
[-3160283ms] [ERROR] Failed to load resource: net::ERR_BLOCKED_BY_CLIENT @ https://play.google.com/log?format=json&hasfast=true&authuser=0:0
[-3141427ms] [ERROR] Failed to load resource: net::ERR_BLOCKED_BY_CLIENT @ https://play.google.com/log?format=json&hasfast=true&authuser=0:0
[-3139922ms] [ERROR] Failed to load resource: net::ERR_BLOCKED_BY_CLIENT @ https://play.google.com/log?format=json&hasfast=true&authuser=0:0
[-3102974ms] [ERROR] Failed to load resource: net::ERR_BLOCKED_BY_CLIENT @ https://play.google.com/log?format=json&hasfast=true&authuser=0:0
[-3101573ms] [ERROR] Failed to load resource: net::ERR_BLOCKED_BY_CLIENT @ https://play.google.com/log?format=json&hasfast=true&authuser=0:0
[-3096540ms] [ERROR] Failed to load resource: net::ERR_BLOCKED_BY_CLIENT @ https://play.google.com/log?format=json&hasfast=true&authuser=0:0
[-3017253ms] [ERROR] Failed to load resource: net::ERR_BLOCKED_BY_CLIENT @ https://play.google.com/log?format=json&hasfast=true&authuser=0:0
[-2947255ms] [ERROR] Failed to load resource: net::ERR_BLOCKED_BY_CLIENT @ https://play.google.com/log?format=json&hasfast=true&authuser=0:0
[-2868787ms] [ERROR] Failed to load resource: net::ERR_BLOCKED_BY_CLIENT @ https://play.google.com/log?format=json&hasfast=true&authuser=0:0
[-2798787ms] [ERROR] Failed to load resource: net::ERR_BLOCKED_BY_CLIENT @ https://play.google.com/log?format=json&hasfast=true&authuser=0:0
[-2683529ms] [ERROR] Failed to load resource: net::ERR_BLOCKED_BY_CLIENT @ https://play.google.com/log?format=json&hasfast=true&authuser=0:0
[-2596908ms] [ERROR] Failed to load resource: net::ERR_BLOCKED_BY_CLIENT @ https://play.google.com/log?format=json&hasfast=true&authuser=0:0
[-2573846ms] [ERROR] Failed to load resource: net::ERR_BLOCKED_BY_CLIENT @ https://play.google.com/log?format=json&hasfast=true&authuser=0:0
[-2526910ms] [ERROR] Failed to load resource: net::ERR_BLOCKED_BY_CLIENT @ https://play.google.com/log?format=json&hasfast=true&authuser=0:0
[-2277213ms] [ERROR] Failed to load resource: net::ERR_BLOCKED_BY_CLIENT @ https://play.google.com/log?format=json&hasfast=true&authuser=0:0
[-2207213ms] [ERROR] Failed to load resource: net::ERR_BLOCKED_BY_CLIENT @ https://play.google.com/log?format=json&hasfast=true&authuser=0:0
[-2156422ms] [ERROR] Failed to load resource: net::ERR_BLOCKED_BY_CLIENT @ https://play.google.com/log?format=json&hasfast=true&authuser=0:0
[-1977116ms] [ERROR] Failed to load resource: net::ERR_BLOCKED_BY_CLIENT @ https://play.google.com/log?format=json&hasfast=true&authuser=0:0
[-1973843ms] [ERROR] Failed to load resource: net::ERR_BLOCKED_BY_CLIENT @ https://play.google.com/log?format=json&hasfast=true&authuser=0:0
[-1971852ms] [ERROR] Failed to load resource: net::ERR_BLOCKED_BY_CLIENT @ https://play.google.com/log?format=json&hasfast=true&authuser=0:0
[-1907121ms] [ERROR] Failed to load resource: net::ERR_BLOCKED_BY_CLIENT @ https://play.google.com/log?format=json&hasfast=true&authuser=0:0
[-1688079ms] [ERROR] Failed to load resource: net::ERR_BLOCKED_BY_CLIENT @ https://play.google.com/log?format=json&hasfast=true&authuser=0:0
[-1618083ms] [ERROR] Failed to load resource: net::ERR_BLOCKED_BY_CLIENT @ https://play.google.com/log?format=json&hasfast=true&authuser=0:0
[-1474086ms] [ERROR] Failed to load resource: net::ERR_BLOCKED_BY_CLIENT @ https://play.google.com/log?format=json&hasfast=true&authuser=0:0
[-1391262ms] [ERROR] Failed to load resource: net::ERR_BLOCKED_BY_CLIENT @ https://play.google.com/log?format=json&hasfast=true&authuser=0:0
[-1373781ms] [ERROR] Failed to load resource: net::ERR_BLOCKED_BY_CLIENT @ https://play.google.com/log?format=json&hasfast=true&authuser=0:0
[-1371836ms] [ERROR] Failed to load resource: net::ERR_BLOCKED_BY_CLIENT @ https://play.google.com/log?format=json&hasfast=true&authuser=0:0
[-1370683ms] [ERROR] Failed to load resource: net::ERR_BLOCKED_BY_CLIENT @ https://play.google.com/log?format=json&hasfast=true&authuser=0:0
[-1321267ms] [ERROR] Failed to load resource: net::ERR_BLOCKED_BY_CLIENT @ https://play.google.com/log?format=json&hasfast=true&authuser=0:0
[-1073665ms] [ERROR] Failed to load resource: net::ERR_BLOCKED_BY_CLIENT @ https://play.google.com/log?format=json&hasfast=true&authuser=0:0
[-1060278ms] [ERROR] Failed to load resource: net::ERR_BLOCKED_BY_CLIENT @ https://play.google.com/log?format=json&hasfast=true&authuser=0:0
[-1003667ms] [ERROR] Failed to load resource: net::ERR_BLOCKED_BY_CLIENT @ https://play.google.com/log?format=json&hasfast=true&authuser=0:0
[ -773799ms] [ERROR] Failed to load resource: net::ERR_BLOCKED_BY_CLIENT @ https://play.google.com/log?format=json&hasfast=true&authuser=0:0
[ -771844ms] [ERROR] Failed to load resource: net::ERR_BLOCKED_BY_CLIENT @ https://play.google.com/log?format=json&hasfast=true&authuser=0:0
[ -703798ms] [ERROR] Failed to load resource: net::ERR_BLOCKED_BY_CLIENT @ https://play.google.com/log?format=json&hasfast=true&authuser=0:0
[ -671148ms] [ERROR] Failed to load resource: net::ERR_QUIC_PROTOCOL_ERROR @ https://chat.google.com/u/0/webchannel/events?VER=8&RID=rpc&SID=RrnBQssG3Ox0NgUTwLdlfw&AID=130&CI=0&TYPE=xmlhttp&zx=wk6v24ebec01&t=1:0
[ -476576ms] [ERROR] Failed to load resource: net::ERR_BLOCKED_BY_CLIENT @ https://play.google.com/log?format=json&hasfast=true&authuser=0:0
[ -473691ms] [ERROR] Failed to load resource: net::ERR_BLOCKED_BY_CLIENT @ https://play.google.com/log?format=json&hasfast=true&authuser=0:0
[ -403694ms] [ERROR] Failed to load resource: net::ERR_BLOCKED_BY_CLIENT @ https://play.google.com/log?format=json&hasfast=true&authuser=0:0
[ -190014ms] [ERROR] Failed to load resource: net::ERR_BLOCKED_BY_CLIENT @ https://play.google.com/log?format=json&hasfast=true&authuser=0:0
[ -173835ms] [ERROR] Failed to load resource: net::ERR_BLOCKED_BY_CLIENT @ https://play.google.com/log?format=json&hasfast=true&authuser=0:0
[ -171835ms] [ERROR] Failed to load resource: net::ERR_BLOCKED_BY_CLIENT @ https://play.google.com/log?format=json&hasfast=true&authuser=0:0
[ -120042ms] [ERROR] Failed to load resource: net::ERR_BLOCKED_BY_CLIENT @ https://play.google.com/log?format=json&hasfast=true&authuser=0:0
[-3174018ms] [WARNING] Deprecated API for given entry type. @ https://chat.google.com/_/scs/mss-static/_/js/k=boq-dynamite.DynamiteWebUi.en.ve58DmW0oEk.2020.O/am=tHuIwG2KcWIhUfRNiuUYMywwBBcrubwAEIEBAAAA1A_1xwyAkCkE/d=1/excm=LEikZe,MpJwZc,UUJqVe,_b,_tp,byfTOb,lsjVmc,n73qwf,worldmoleview/ed=1/dg=0/br=1/wt=2/ujg=1/rs=AKbVGRJ10Qtcpf9FTQ724rDHZ80EAjuyNQ/ee=A5y9vd:zD4Om;ALeOPe:DTA9dd;Arv56d:UdO36;AzIdse:ojcPFf;BK4xnc:zD4Om;BNeSrd:XZRlWd;BinpYe:wPW5Je;Bnf5Lc:iPDrZd;CMRktf:ZW5KY;CZJe2c:xpksr;Cs7pRb:qQduk;Cuiqff:yp00Ce;CvE5ld:MVRg7e;Cve7D:TELHZb;DGWCxb:CgYiQ;DNxJhd:Bzl3ie;DVZ75c:Mor8de;DbbF7c:kjdOUc;DbxXdc:y143V;Dhmcle:qlHtYe;DxNuKd:CKCuZd;E1tgbf:hMxPK;E3XX7c:InC9Ub;EAoUvb:aKikzb;EVNhjf:fsNJFc;EfKZq:QO2YB;EmZ2Bf:vGs3rf;EyYKNc:ADc1Qc;Eznmmf:ZBQqM;GKUnZb:WNRENb;GmdGTd:Ct4wsb;I3DTKc:LTQfve;IXc14:VZgraf;IZCWmd:yazeCb;IcWoFf:NQkIfb;Id7TY:NXrYEe;Iszphf:jCtEwf;J9XQCb:QxciMb;JDjXcd:Qd339;JLGZx:oSnDHf;Jceb7e:fK6Wgb;JsINff:yeaFZ;JsbNhc:Xd8iUd;JyyiTe:lFKLaf;K47mIb:iy83Rd;K5nYTd:ZDZcre;KKym4b:dTTbnb;KgXQpf:pQJdrb;KhTcad:Nsmud;Khto1c:rnNNUe;KyaRBc:kzsQ6c;LBgRLc:XVMNvd;LQJKcd:WuS5Ye;LX4U5d:N3PTud;Me32dd:MEeYgc;MurV8e:C4pije;N8ehxe:AKukpf;NJ1rfe:qTnoBf;NPKaK:PVlQOd;NSEoX:lazG7b;NSRL9:zZyJu;NWS6Fb:A7fCU,AUnC5d,FjL88d,HFL46d,HT8XDe,HyV36c,J7N9C,KhKOW,LAexbf,Mb9s2d,P6sQOc,U8QHR,UmkMob,Vui2Cf,WOh2n,Xl5qNd,ZVwchc,eaOP3d,gTs7K,jkL5Y,kjdOUc,pyllr,r1uDVb,uff4cb,yWLuYe;Npu58:KjiSxc;OOoYAb:Oj9pPe;OgGtFd:l4xuM;PKzJzb:dnkez;PgXDBd:dm1dhc;Pjplud:EEDORb,PoEs9b;PtidMb:lDtIYe;PvoCxe:h2wcn;Q7Achc:ZA4zWd;QGR0gd:Mlhmy;QIh6Ab:wxNcEf;QIpuhc:x5gF9b;QQs9bb:EppHbe;QhhnXd:ECzif;QhvHX:NQ1Nve;QybINc:gOU4je;R71MEe:KdO0tc;RRwdt:gGRuRe;RdHJhe:xa1Q7b;RhpTyb:DwUDld;SL22ab:CBRamd;SNUn3:ZwDk9d;SVvzme:BPB8ib;ScI3Yc:e7Hzgb;T3cJ6:TSi10d;TB8xhd:bbKX0d;TQJGG:MMwcGd;UNO1b:SBvVne;USPTDe:samWqd;UYtFJd:Cokwx;UaoURc:MWLzuf;UoW3Uc:idUhE;Up9aO:kY43Sc;Uvc8o:VDovNc;V7j7Sb:stsTjb;VJwZIe:W88LXc;WV7h2e:cFDJqd;Wi7p8b:RGpnhe,nSPh8d;XAcMgf:EDEDVd;XSYl9e:GNVVIb;Xv2Kbc:Mb9s2d;YIZmRd:A1yn5d;YKVAUb:qO1bmd;YU9uyb:UjNEfb;Ycdno:rkQZze;YfZO5c:CVuqWd;Yol6df:KyRf4c;Z8AODd:ihbx2;ZE1Tgd:nYt7rd;ZT1aHd:g7FNPe;ZgS14b:Tsco3e;ZjyI3e:W2v6fc;a0L2Wb:KEmQW;a56pNe:JEfCwb;aJKrOd:ECQehb;aPdIxb:F52gIc;b8kxce:ERypaf;bS8oAe:yjiWQe;cEt90b:hoG7he;cJj1Kd:A5k23d;d91XDb:SIFfhf;dDPGef:IiQq4e;dIoSBb:SpsfSb;dbAKmd:YHtpn;diLWlf:sPG4Yb;dowIGb:ebZ3mb;eBAeSb:HT8XDe;eSHXVe:rtwbef;eWFXjf:WUUEg;edU6zc:FWbgnf;fma02b:HZquLb;hGPvG:bna22;hPSmUc:yXJmEe;hgud7d:W54PAe;hqAEfb:T9U3df;hqnwXb:h3KkD;iFQyKf:QIhFr;iFxMwd:ctr3ub;ifZa8b:PaZbEe;isrdHb:g76ZJb;jbnncc:y8TRv;jcgIpf:skvfJb;k5L7ic:Kfw43b;kAY4yb:mo91qb;kK3L0:PLpYhe;kNqx7b:MNrazc;lOO0Vd:OTA3Ae;m4bwx:xvH6fd;ncQLMe:F6dgVe;nhTMMb:Dye5ne;nhYBxb:NZfh4b;oFd48c:l7VM1e;oGtAuc:WgD8Mc;oJejCf:u1kdYb;oVMxO:oroUaf;pXdRYb:MbvPjf;pb7frb:frmWbd;pcEDBc:XnyN2e;q8Ue1c:NXrYEe;qQEoOc:KUM7Z,d7YSfd;qSBODf:H8X5pc;qafBPd:yDVVkb;qddgKe:d7YSfd,xQtZb;qgOdad:vko54d;ql9Tk:U7525c,uqJhG;r3Fqsb:kzsQ6c;rFz9ic:XIElh;rLHlPe:tYRqRc;rRTjcf:qg38Pd;rarsed:Mb2qyd;rozW5c:dlCZjf;rtwbef:l6qHQe;rzrPR:skmZze;sFt7tf:hqV0Bd;sgnAWd:HkSoT;ssiZFc:BhQ85d;suodob:Q7PXad;tcdldd:oqwvtd;ueH5ab:eaOP3d;uff4cb:e13S9d;urKted:CeEtUe;utz9F:LHHgGe;w5CNu:zewPNd;wNp4Gc:k56rsf;wR5FRb:Maesy;xH8Hod:HBaAf;xa2sxc:YGFT8b;xbOSgd:e5G55;yAJVud:befDib;yD1Gde:ptNaqb;yIvSZb:qo6uHb;ye9FMd:QlMrob;yxTchf:KUM7Z;z8SUKb:l3LKAf;zBvUNc:fT8Mbb;zJxI2:kxz7Nb;zeNeeb:bGQoyc;zkXHwb:W7MyJe;zxjSOb:QoHYYd;zxnPse:GkRiKb,duFQFc/dti=1/m=_b,_tp,byfTOb,lsjVmc,LEikZe,n73qwf,UUJqVe,MpJwZc:923
[-3171177ms] [ERROR] Failed to load resource: net::ERR_BLOCKED_BY_CLIENT @ https://play.google.com/log?format=json&hasfast=true&authuser=0:0
[-3171165ms] [ERROR] Failed to load resource: net::ERR_BLOCKED_BY_CLIENT @ https://play.google.com/log?format=json&hasfast=true&authuser=0:0
[-3171165ms] [ERROR] Failed to load resource: net::ERR_BLOCKED_BY_CLIENT @ https://play.google.com/log?format=json&hasfast=true&authuser=0:0
[-3160773ms] [ERROR] Failed to load resource: net::ERR_BLOCKED_BY_CLIENT @ https://play.google.com/log?format=json&hasfast=true&authuser=0:0
[-3160715ms] [ERROR] Failed to load resource: net::ERR_BLOCKED_BY_CLIENT @ https://play.google.com/log?format=json&hasfast=true&authuser=0:0
[-3160656ms] [ERROR] Failed to load resource: net::ERR_BLOCKED_BY_CLIENT @ https://play.google.com/log?format=json&hasfast=true&authuser=0:0
[-3160341ms] [ERROR] Failed to load resource: net::ERR_BLOCKED_BY_CLIENT @ https://play.google.com/log?format=json&hasfast=true&authuser=0:0
[-3160283ms] [ERROR] Failed to load resource: net::ERR_BLOCKED_BY_CLIENT @ https://play.google.com/log?format=json&hasfast=true&authuser=0:0
[-3141427ms] [ERROR] Failed to load resource: net::ERR_BLOCKED_BY_CLIENT @ https://play.google.com/log?format=json&hasfast=true&authuser=0:0
[-3139922ms] [ERROR] Failed to load resource: net::ERR_BLOCKED_BY_CLIENT @ https://play.google.com/log?format=json&hasfast=true&authuser=0:0
[-3102974ms] [ERROR] Failed to load resource: net::ERR_BLOCKED_BY_CLIENT @ https://play.google.com/log?format=json&hasfast=true&authuser=0:0
[-3101573ms] [ERROR] Failed to load resource: net::ERR_BLOCKED_BY_CLIENT @ https://play.google.com/log?format=json&hasfast=true&authuser=0:0
[-3096540ms] [ERROR] Failed to load resource: net::ERR_BLOCKED_BY_CLIENT @ https://play.google.com/log?format=json&hasfast=true&authuser=0:0
[-3017253ms] [ERROR] Failed to load resource: net::ERR_BLOCKED_BY_CLIENT @ https://play.google.com/log?format=json&hasfast=true&authuser=0:0
[-2947255ms] [ERROR] Failed to load resource: net::ERR_BLOCKED_BY_CLIENT @ https://play.google.com/log?format=json&hasfast=true&authuser=0:0
[-2868787ms] [ERROR] Failed to load resource: net::ERR_BLOCKED_BY_CLIENT @ https://play.google.com/log?format=json&hasfast=true&authuser=0:0
[-2798787ms] [ERROR] Failed to load resource: net::ERR_BLOCKED_BY_CLIENT @ https://play.google.com/log?format=json&hasfast=true&authuser=0:0
[-2683529ms] [ERROR] Failed to load resource: net::ERR_BLOCKED_BY_CLIENT @ https://play.google.com/log?format=json&hasfast=true&authuser=0:0
[-2596908ms] [ERROR] Failed to load resource: net::ERR_BLOCKED_BY_CLIENT @ https://play.google.com/log?format=json&hasfast=true&authuser=0:0
[-2573846ms] [ERROR] Failed to load resource: net::ERR_BLOCKED_BY_CLIENT @ https://play.google.com/log?format=json&hasfast=true&authuser=0:0
[-2526910ms] [ERROR] Failed to load resource: net::ERR_BLOCKED_BY_CLIENT @ https://play.google.com/log?format=json&hasfast=true&authuser=0:0
[-2277213ms] [ERROR] Failed to load resource: net::ERR_BLOCKED_BY_CLIENT @ https://play.google.com/log?format=json&hasfast=true&authuser=0:0
[-2207213ms] [ERROR] Failed to load resource: net::ERR_BLOCKED_BY_CLIENT @ https://play.google.com/log?format=json&hasfast=true&authuser=0:0
[-2156422ms] [ERROR] Failed to load resource: net::ERR_BLOCKED_BY_CLIENT @ https://play.google.com/log?format=json&hasfast=true&authuser=0:0
[-1977116ms] [ERROR] Failed to load resource: net::ERR_BLOCKED_BY_CLIENT @ https://play.google.com/log?format=json&hasfast=true&authuser=0:0
[-1973843ms] [ERROR] Failed to load resource: net::ERR_BLOCKED_BY_CLIENT @ https://play.google.com/log?format=json&hasfast=true&authuser=0:0
[-1971852ms] [ERROR] Failed to load resource: net::ERR_BLOCKED_BY_CLIENT @ https://play.google.com/log?format=json&hasfast=true&authuser=0:0
[-1907121ms] [ERROR] Failed to load resource: net::ERR_BLOCKED_BY_CLIENT @ https://play.google.com/log?format=json&hasfast=true&authuser=0:0
[-1688079ms] [ERROR] Failed to load resource: net::ERR_BLOCKED_BY_CLIENT @ https://play.google.com/log?format=json&hasfast=true&authuser=0:0
[-1618083ms] [ERROR] Failed to load resource: net::ERR_BLOCKED_BY_CLIENT @ https://play.google.com/log?format=json&hasfast=true&authuser=0:0
[-1474086ms] [ERROR] Failed to load resource: net::ERR_BLOCKED_BY_CLIENT @ https://play.google.com/log?format=json&hasfast=true&authuser=0:0
[-1391262ms] [ERROR] Failed to load resource: net::ERR_BLOCKED_BY_CLIENT @ https://play.google.com/log?format=json&hasfast=true&authuser=0:0
[-1373781ms] [ERROR] Failed to load resource: net::ERR_BLOCKED_BY_CLIENT @ https://play.google.com/log?format=json&hasfast=true&authuser=0:0
[-1371836ms] [ERROR] Failed to load resource: net::ERR_BLOCKED_BY_CLIENT @ https://play.google.com/log?format=json&hasfast=true&authuser=0:0
[-1370683ms] [ERROR] Failed to load resource: net::ERR_BLOCKED_BY_CLIENT @ https://play.google.com/log?format=json&hasfast=true&authuser=0:0
[-1321267ms] [ERROR] Failed to load resource: net::ERR_BLOCKED_BY_CLIENT @ https://play.google.com/log?format=json&hasfast=true&authuser=0:0
[-1073665ms] [ERROR] Failed to load resource: net::ERR_BLOCKED_BY_CLIENT @ https://play.google.com/log?format=json&hasfast=true&authuser=0:0
[-1060278ms] [ERROR] Failed to load resource: net::ERR_BLOCKED_BY_CLIENT @ https://play.google.com/log?format=json&hasfast=true&authuser=0:0
[-1003667ms] [ERROR] Failed to load resource: net::ERR_BLOCKED_BY_CLIENT @ https://play.google.com/log?format=json&hasfast=true&authuser=0:0
[ -773799ms] [ERROR] Failed to load resource: net::ERR_BLOCKED_BY_CLIENT @ https://play.google.com/log?format=json&hasfast=true&authuser=0:0
[ -771844ms] [ERROR] Failed to load resource: net::ERR_BLOCKED_BY_CLIENT @ https://play.google.com/log?format=json&hasfast=true&authuser=0:0
[ -703798ms] [ERROR] Failed to load resource: net::ERR_BLOCKED_BY_CLIENT @ https://play.google.com/log?format=json&hasfast=true&authuser=0:0
[ -671148ms] [ERROR] Failed to load resource: net::ERR_QUIC_PROTOCOL_ERROR @ https://chat.google.com/u/0/webchannel/events?VER=8&RID=rpc&SID=RrnBQssG3Ox0NgUTwLdlfw&AID=130&CI=0&TYPE=xmlhttp&zx=wk6v24ebec01&t=1:0
[ -476576ms] [ERROR] Failed to load resource: net::ERR_BLOCKED_BY_CLIENT @ https://play.google.com/log?format=json&hasfast=true&authuser=0:0
[ -473691ms] [ERROR] Failed to load resource: net::ERR_BLOCKED_BY_CLIENT @ https://play.google.com/log?format=json&hasfast=true&authuser=0:0
[ -403694ms] [ERROR] Failed to load resource: net::ERR_BLOCKED_BY_CLIENT @ https://play.google.com/log?format=json&hasfast=true&authuser=0:0
[ -190014ms] [ERROR] Failed to load resource: net::ERR_BLOCKED_BY_CLIENT @ https://play.google.com/log?format=json&hasfast=true&authuser=0:0
[ -173835ms] [ERROR] Failed to load resource: net::ERR_BLOCKED_BY_CLIENT @ https://play.google.com/log?format=json&hasfast=true&authuser=0:0
[ -171835ms] [ERROR] Failed to load resource: net::ERR_BLOCKED_BY_CLIENT @ https://play.google.com/log?format=json&hasfast=true&authuser=0:0
[ -120042ms] [ERROR] Failed to load resource: net::ERR_BLOCKED_BY_CLIENT @ https://play.google.com/log?format=json&hasfast=true&authuser=0:0
[      81ms] [ERROR] Failed to load resource: net::ERR_BLOCKED_BY_CLIENT @ https://play.google.com/log?hasfast=true&auth=SAPISIDHASH+8db062c437a9a08abb90788eb5adfdc89dad183d+SAPISID1PHASH+8db062c437a9a08abb90788eb5adfdc89dad183d+SAPISID3PHASH+8db062c437a9a08abb90788eb5adfdc89dad183d&authuser=0&format=json:0
[      81ms] [ERROR] Failed to load resource: net::ERR_BLOCKED_BY_CLIENT @ https://play.google.com/log?format=json&hasfast=true&authuser=0:0
[     929ms] [ERROR] Failed to load resource: the server responded with a status of 404 (Not Found) @ http://142.44.210.103:5173/vite.svg:0
