[    1606ms] [LOG] 
⠀⠀#######
 ##########
#############
##############
##############
###################
#####################
#######################
#######################
#######################
######################
###################

%cWe're hiring!

%chttps://lovable.dev/careers color: #FFFFFF; font-weight: 900; font-size: 18px; text-shadow: 1px 1px 2px black; color: blue; font-size: 16px; @ https://lovable.dev/_next/static/chunks/104gbmnede8y9.js?dpl=a-28443866066-1-caf19344e3db9f17:9
[    3187ms] [WARNING] No available adapters. @ https://lovable.dev/login?redirect=%2Fprojects%2Ffd2d5ef4-6a05-491c-94fa-c6f7173492d8:0
[    3236ms] [LOG] Initializing RudderStack Analytics @ https://lovable.dev/_next/static/chunks/104gbmnede8y9.js?dpl=a-28443866066-1-caf19344e3db9f17:9
[    5296ms] [INFO] Castle: scoring event {type: $login, status: $attempted} @ https://lovable.dev/_next/static/chunks/104gbmnede8y9.js?dpl=a-28443866066-1-caf19344e3db9f17:9
[    5630ms] [WARNING] [Meta Pixel] - Removed parameters from custom data due to potential violations. Go to Events Manager to learn more. @ https://lovable.dev/_next/static/chunks/104gbmnede8y9.js?dpl=a-28443866066-1-caf19344e3db9f17:9
[    9871ms] [ERROR] Cross-Origin-Opener-Policy policy would block the window.closed call. @ https://lovable.dev/_next/static/chunks/175kykqos2wrz.js?dpl=a-28443866066-1-caf19344e3db9f17:1
[    9871ms] [ERROR] Cross-Origin-Opener-Policy policy would block the window.closed call. @ https://lovable.dev/_next/static/chunks/175kykqos2wrz.js?dpl=a-28443866066-1-caf19344e3db9f17:1
[   29884ms] [ERROR] Cross-Origin-Opener-Policy policy would block the window.closed call. @ https://lovable.dev/_next/static/chunks/175kykqos2wrz.js?dpl=a-28443866066-1-caf19344e3db9f17:1
[   29884ms] [ERROR] Cross-Origin-Opener-Policy policy would block the window.closed call. @ https://lovable.dev/_next/static/chunks/175kykqos2wrz.js?dpl=a-28443866066-1-caf19344e3db9f17:1
[   31877ms] [INFO] Castle: scoring event {type: $login, status: $succeeded} @ https://lovable.dev/_next/static/chunks/104gbmnede8y9.js?dpl=a-28443866066-1-caf19344e3db9f17:9
[   35478ms] [INFO] [perf] mark editor:shell-rendered @ 2510.3ms @ https://lovable.dev/assets/vendor-sentry-vWI4qm9Q.js:14
[   35481ms] [INFO] [perf] measure editor:trunk:to-shell-rendered: 2510.1ms @ https://lovable.dev/assets/vendor-sentry-vWI4qm9Q.js:14
[   35967ms] [LOG] Initializing RudderStack Analytics @ https://lovable.dev/assets/vendor-sentry-vWI4qm9Q.js:14
[   37044ms] [WARNING] No available adapters. @ https://lovable.dev/projects/fd2d5ef4-6a05-491c-94fa-c6f7173492d8:0
[   37055ms] [INFO] [perf] mark editor:permissions-resolved @ 4087.1ms @ https://lovable.dev/assets/vendor-sentry-vWI4qm9Q.js:14
[   37056ms] [INFO] [perf] measure editor:trunk:to-permissions-resolved: 4086.9ms @ https://lovable.dev/assets/vendor-sentry-vWI4qm9Q.js:14
[   37919ms] [INFO] [perf] mark editor:project-data-first @ 4951.0ms @ https://lovable.dev/assets/vendor-sentry-vWI4qm9Q.js:14
[   37920ms] [INFO] [perf] measure editor:project:nav-to-data: 4950.9ms @ https://lovable.dev/assets/vendor-sentry-vWI4qm9Q.js:14
[   38376ms] [WARNING] [Meta Pixel] - Removed parameters from custom data due to potential violations. Go to Events Manager to learn more. @ https://lovable.dev/assets/vendor-sentry-vWI4qm9Q.js:14
[   38643ms] [WARNING] Unrecognized feature: 'vr'. @ https://lovable.dev/assets/vendor-react-Twounk6N.js:7
[   38643ms] [WARNING] Unrecognized feature: 'ambient-light-sensor'. @ https://lovable.dev/assets/vendor-react-Twounk6N.js:7
[   38644ms] [WARNING] Unrecognized feature: 'battery'. @ https://lovable.dev/assets/vendor-react-Twounk6N.js:7
[   38644ms] [WARNING] Unrecognized feature: 'bluetooth'. @ https://lovable.dev/assets/vendor-react-Twounk6N.js:7
[   38711ms] [WARNING] An iframe which has both allow-scripts and allow-same-origin for its sandbox attribute can escape its sandboxing. @ https://lovable.dev/assets/vendor-react-Twounk6N.js:7
[   38812ms] [INFO] [perf] mark editor:desktop-content-mounted @ 5843.8ms @ https://lovable.dev/assets/vendor-sentry-vWI4qm9Q.js:14
[   38813ms] [INFO] [perf] measure editor:trunk:to-desktop-content: 5843.7ms @ https://lovable.dev/assets/vendor-sentry-vWI4qm9Q.js:14
[   40057ms] [WARNING] An iframe which has both allow-scripts and allow-same-origin for its sandbox attribute can escape its sandboxing. @ about:blank:0
[   40202ms] [INFO] [perf] measure editor:chat:nav-to-initial-data: 7233.8ms @ https://lovable.dev/assets/vendor-sentry-vWI4qm9Q.js:14
[   40202ms] [INFO] [perf] measure editor:chat:fetch-to-data: 1368.8ms @ https://lovable.dev/assets/vendor-sentry-vWI4qm9Q.js:14
[   41271ms] [INFO] [perf] measure editor:chat:nav-to-first-history: 8302.0ms @ https://lovable.dev/assets/vendor-sentry-vWI4qm9Q.js:14
[   41292ms] [INFO] [perf] measure editor:chat:ws-to-first-data: 2433.7ms @ https://lovable.dev/assets/vendor-sentry-vWI4qm9Q.js:14
[   41582ms] [WARNING] An iframe which has both allow-scripts and allow-same-origin for its sandbox attribute can escape its sandboxing. @ about:blank:0
[   42813ms] [LOG] ❤️ Lovable Script — v1.4.24 @ https://cdn.gpteng.co/lovable.js:206
[   43789ms] [INFO] [perf] measure editor:preview:nav-to-visible: 10821.9ms @ https://lovable.dev/assets/vendor-sentry-vWI4qm9Q.js:14
