[    2325ms] [INFO] [perf] mark editor:shell-rendered @ 2317.3ms @ https://lovable.dev/assets/vendor-sentry-vWI4qm9Q.js:14
[    2327ms] [INFO] [perf] measure editor:trunk:to-shell-rendered: 2317.2ms @ https://lovable.dev/assets/vendor-sentry-vWI4qm9Q.js:14
[    3302ms] [WARNING] No available adapters. @ https://lovable.dev/projects/fd2d5ef4-6a05-491c-94fa-c6f7173492d8:0
[    3331ms] [LOG] Initializing RudderStack Analytics @ https://lovable.dev/assets/vendor-sentry-vWI4qm9Q.js:14
[    3679ms] [INFO] [perf] mark editor:permissions-resolved @ 3672.6ms @ https://lovable.dev/assets/vendor-sentry-vWI4qm9Q.js:14
[    3680ms] [INFO] [perf] measure editor:trunk:to-permissions-resolved: 3672.6ms @ https://lovable.dev/assets/vendor-sentry-vWI4qm9Q.js:14
[    4547ms] [WARNING] [Meta Pixel] - Removed parameters from custom data due to potential violations. Go to Events Manager to learn more. @ https://lovable.dev/assets/vendor-sentry-vWI4qm9Q.js:14
[    4931ms] [INFO] [perf] mark editor:desktop-content-mounted @ 4924.6ms @ https://lovable.dev/assets/vendor-sentry-vWI4qm9Q.js:14
[    4932ms] [INFO] [perf] measure editor:trunk:to-desktop-content: 4924.5ms @ https://lovable.dev/assets/vendor-sentry-vWI4qm9Q.js:14
[    5749ms] [INFO] [perf] measure editor:chat:nav-to-initial-data: 5741.4ms @ https://lovable.dev/assets/vendor-sentry-vWI4qm9Q.js:14
[    5750ms] [INFO] [perf] measure editor:chat:fetch-to-data: 777.9ms @ https://lovable.dev/assets/vendor-sentry-vWI4qm9Q.js:14
[    7278ms] [INFO] [perf] measure editor:chat:nav-to-first-history: 7270.2ms @ https://lovable.dev/assets/vendor-sentry-vWI4qm9Q.js:14
[    7300ms] [INFO] [perf] measure editor:chat:ws-to-first-data: 2302.5ms @ https://lovable.dev/assets/vendor-sentry-vWI4qm9Q.js:14
[    7518ms] [WARNING] Unrecognized feature: 'vr'. @ https://lovable.dev/assets/vendor-react-Twounk6N.js:7
[    7520ms] [WARNING] Unrecognized feature: 'ambient-light-sensor'. @ https://lovable.dev/assets/vendor-react-Twounk6N.js:7
[    7520ms] [WARNING] Unrecognized feature: 'battery'. @ https://lovable.dev/assets/vendor-react-Twounk6N.js:7
[    7520ms] [WARNING] Unrecognized feature: 'bluetooth'. @ https://lovable.dev/assets/vendor-react-Twounk6N.js:7
[    7553ms] [WARNING] An iframe which has both allow-scripts and allow-same-origin for its sandbox attribute can escape its sandboxing. @ https://lovable.dev/assets/vendor-react-Twounk6N.js:7
[    7579ms] [WARNING] An iframe which has both allow-scripts and allow-same-origin for its sandbox attribute can escape its sandboxing. @ https://lovable.dev/assets/vendor-react-Twounk6N.js:7
[    7621ms] [INFO] [perf] mark editor:project-data-first @ 7614.0ms @ https://lovable.dev/assets/vendor-sentry-vWI4qm9Q.js:14
[    7622ms] [INFO] [perf] measure editor:project:nav-to-data: 7614.0ms @ https://lovable.dev/assets/vendor-sentry-vWI4qm9Q.js:14
[    8382ms] [LOG] ❤️ Lovable Script — v1.4.24 @ https://cdn.gpteng.co/lovable.js:206
[    9343ms] [INFO] [perf] measure editor:preview:nav-to-visible: 9336.2ms @ https://lovable.dev/assets/vendor-sentry-vWI4qm9Q.js:14
[   10257ms] [WARNING] An iframe which has both allow-scripts and allow-same-origin for its sandbox attribute can escape its sandboxing. @ about:blank:0
[   11508ms] [WARNING] An iframe which has both allow-scripts and allow-same-origin for its sandbox attribute can escape its sandboxing. @ about:blank:0
[   13672ms] [LOG] ❤️ Lovable Script — v1.4.24 @ https://cdn.gpteng.co/lovable.js:206
[   30865ms] [WARNING] [TikTok Pixel] - Duplicate Pixel ID
Issue: The pixel ID is duplicate. This could impact the pixel data accuracy.
Suggestion: Please double check and delete any unnecessary pixel code. @ https://lovable.dev/assets/vendor-sentry-vWI4qm9Q.js:14
[   41613ms] [ERROR] %c RS SDK %c DeviceModeDestinationsPlugin:: Failed to get the ready status from integration for destination "Google-Analytics-4-(GA4)___32YjYP1mCxsEfzMEI0TnoWD5Q4n" - A timeout of 11000 ms occurred font-weight: bold; background: black; color: white; font-weight: normal; @ https://lovable.dev/assets/vendor-sentry-vWI4qm9Q.js:14
[  105916ms] [ERROR] Failed to load resource: the server responded with a status of 404 () @ https://api.lovable.dev/api/v1/projects/fd2d5ef4-6a05-491c-94fa-c6f7173492d8/files:0
[  126737ms] [ERROR] Failed to load resource: the server responded with a status of 401 () @ https://api.lovable.dev/projects/fd2d5ef4-6a05-491c-94fa-c6f7173492d8/git/files?ref=07f64fbd23ec3da694f30122d1a6acbd3baccfda:0
[  196595ms] [ERROR] Failed to load resource: the server responded with a status of 404 () @ https://api.lovable.dev/projects/fd2d5ef4-6a05-491c-94fa-c6f7173492d8/git/files/src%2Fcomponents%2Fapp-shell.tsx?ref=07f64fbd23ec3da694f30122d1a6acbd3baccfda:0
[  197357ms] [ERROR] Failed to load resource: the server responded with a status of 404 () @ https://api.lovable.dev/projects/fd2d5ef4-6a05-491c-94fa-c6f7173492d8/git/files/src%2Fcomponents%2Fui-bits.tsx?ref=07f64fbd23ec3da694f30122d1a6acbd3baccfda:0
[  198153ms] [ERROR] Failed to load resource: the server responded with a status of 404 () @ https://api.lovable.dev/projects/fd2d5ef4-6a05-491c-94fa-c6f7173492d8/git/files/src%2Flib%2Fapi.ts?ref=07f64fbd23ec3da694f30122d1a6acbd3baccfda:0
[  198998ms] [ERROR] Failed to load resource: the server responded with a status of 404 () @ https://api.lovable.dev/projects/fd2d5ef4-6a05-491c-94fa-c6f7173492d8/git/files/src%2Flib%2Fauth.ts?ref=07f64fbd23ec3da694f30122d1a6acbd3baccfda:0
[  199759ms] [ERROR] Failed to load resource: the server responded with a status of 404 () @ https://api.lovable.dev/projects/fd2d5ef4-6a05-491c-94fa-c6f7173492d8/git/files/src%2Flib%2Futils.ts?ref=07f64fbd23ec3da694f30122d1a6acbd3baccfda:0
[  200515ms] [ERROR] Failed to load resource: the server responded with a status of 404 () @ https://api.lovable.dev/projects/fd2d5ef4-6a05-491c-94fa-c6f7173492d8/git/files/src%2Frouter.tsx?ref=07f64fbd23ec3da694f30122d1a6acbd3baccfda:0
[  201303ms] [ERROR] Failed to load resource: the server responded with a status of 404 () @ https://api.lovable.dev/projects/fd2d5ef4-6a05-491c-94fa-c6f7173492d8/git/files/src%2Froutes%2F__root.tsx?ref=07f64fbd23ec3da694f30122d1a6acbd3baccfda:0
[  202067ms] [ERROR] Failed to load resource: the server responded with a status of 404 () @ https://api.lovable.dev/projects/fd2d5ef4-6a05-491c-94fa-c6f7173492d8/git/files/src%2Froutes%2F_app.tsx?ref=07f64fbd23ec3da694f30122d1a6acbd3baccfda:0
[  202824ms] [ERROR] Failed to load resource: the server responded with a status of 404 () @ https://api.lovable.dev/projects/fd2d5ef4-6a05-491c-94fa-c6f7173492d8/git/files/src%2Froutes%2F_app.dashboard.tsx?ref=07f64fbd23ec3da694f30122d1a6acbd3baccfda:0
[  203682ms] [ERROR] Failed to load resource: the server responded with a status of 404 () @ https://api.lovable.dev/projects/fd2d5ef4-6a05-491c-94fa-c6f7173492d8/git/files/src%2Froutes%2F_app.servers.tsx?ref=07f64fbd23ec3da694f30122d1a6acbd3baccfda:0
[  204475ms] [ERROR] Failed to load resource: the server responded with a status of 404 () @ https://api.lovable.dev/projects/fd2d5ef4-6a05-491c-94fa-c6f7173492d8/git/files/src%2Froutes%2F_app.databases.tsx?ref=07f64fbd23ec3da694f30122d1a6acbd3baccfda:0
[  205241ms] [ERROR] Failed to load resource: the server responded with a status of 404 () @ https://api.lovable.dev/projects/fd2d5ef4-6a05-491c-94fa-c6f7173492d8/git/files/src%2Froutes%2F_app.kubernetes.tsx?ref=07f64fbd23ec3da694f30122d1a6acbd3baccfda:0
[  206006ms] [ERROR] Failed to load resource: the server responded with a status of 404 () @ https://api.lovable.dev/projects/fd2d5ef4-6a05-491c-94fa-c6f7173492d8/git/files/src%2Froutes%2F_app.block-storages.tsx?ref=07f64fbd23ec3da694f30122d1a6acbd3baccfda:0
[  206858ms] [ERROR] Failed to load resource: the server responded with a status of 404 () @ https://api.lovable.dev/projects/fd2d5ef4-6a05-491c-94fa-c6f7173492d8/git/files/src%2Froutes%2F_app.credentials.tsx?ref=07f64fbd23ec3da694f30122d1a6acbd3baccfda:0
[  207622ms] [ERROR] Failed to load resource: the server responded with a status of 404 () @ https://api.lovable.dev/projects/fd2d5ef4-6a05-491c-94fa-c6f7173492d8/git/files/src%2Froutes%2F_app.crons.tsx?ref=07f64fbd23ec3da694f30122d1a6acbd3baccfda:0
[  208390ms] [ERROR] Failed to load resource: the server responded with a status of 404 () @ https://api.lovable.dev/projects/fd2d5ef4-6a05-491c-94fa-c6f7173492d8/git/files/src%2Froutes%2F_app.ssh-keys.tsx?ref=07f64fbd23ec3da694f30122d1a6acbd3baccfda:0
[  209144ms] [ERROR] Failed to load resource: the server responded with a status of 404 () @ https://api.lovable.dev/projects/fd2d5ef4-6a05-491c-94fa-c6f7173492d8/git/files/src%2Froutes%2F_app.sync.tsx?ref=07f64fbd23ec3da694f30122d1a6acbd3baccfda:0
[  210010ms] [ERROR] Failed to load resource: the server responded with a status of 404 () @ https://api.lovable.dev/projects/fd2d5ef4-6a05-491c-94fa-c6f7173492d8/git/files/src%2Froutes%2F_app.settings.tsx?ref=07f64fbd23ec3da694f30122d1a6acbd3baccfda:0
[  210829ms] [ERROR] Failed to load resource: the server responded with a status of 404 () @ https://api.lovable.dev/projects/fd2d5ef4-6a05-491c-94fa-c6f7173492d8/git/files/src%2Froutes%2F_app.users.tsx?ref=07f64fbd23ec3da694f30122d1a6acbd3baccfda:0
[  211596ms] [ERROR] Failed to load resource: the server responded with a status of 404 () @ https://api.lovable.dev/projects/fd2d5ef4-6a05-491c-94fa-c6f7173492d8/git/files/src%2Froutes%2F_app.resource-map.tsx?ref=07f64fbd23ec3da694f30122d1a6acbd3baccfda:0
[  212489ms] [ERROR] Failed to load resource: the server responded with a status of 404 () @ https://api.lovable.dev/projects/fd2d5ef4-6a05-491c-94fa-c6f7173492d8/git/files/src%2Froutes%2Flogin.tsx?ref=07f64fbd23ec3da694f30122d1a6acbd3baccfda:0
[  213381ms] [ERROR] Failed to load resource: the server responded with a status of 404 () @ https://api.lovable.dev/projects/fd2d5ef4-6a05-491c-94fa-c6f7173492d8/git/files/src%2Froutes%2Findex.tsx?ref=07f64fbd23ec3da694f30122d1a6acbd3baccfda:0
[  214207ms] [ERROR] Failed to load resource: the server responded with a status of 404 () @ https://api.lovable.dev/projects/fd2d5ef4-6a05-491c-94fa-c6f7173492d8/git/files/src%2Fstyles.css?ref=07f64fbd23ec3da694f30122d1a6acbd3baccfda:0
[  214972ms] [ERROR] Failed to load resource: the server responded with a status of 404 () @ https://api.lovable.dev/projects/fd2d5ef4-6a05-491c-94fa-c6f7173492d8/git/files/package.json?ref=07f64fbd23ec3da694f30122d1a6acbd3baccfda:0
[  215733ms] [ERROR] Failed to load resource: the server responded with a status of 404 () @ https://api.lovable.dev/projects/fd2d5ef4-6a05-491c-94fa-c6f7173492d8/git/files/vite.config.ts?ref=07f64fbd23ec3da694f30122d1a6acbd3baccfda:0
[  216502ms] [ERROR] Failed to load resource: the server responded with a status of 404 () @ https://api.lovable.dev/projects/fd2d5ef4-6a05-491c-94fa-c6f7173492d8/git/files/tsconfig.json?ref=07f64fbd23ec3da694f30122d1a6acbd3baccfda:0
[  217264ms] [ERROR] Failed to load resource: the server responded with a status of 404 () @ https://api.lovable.dev/projects/fd2d5ef4-6a05-491c-94fa-c6f7173492d8/git/files/components.json?ref=07f64fbd23ec3da694f30122d1a6acbd3baccfda:0
[  343655ms] [ERROR] [tr-ws] server error {scopeId: fd2d5ef4-6a05-491c-94fa-c6f7173492d8, message: service_unavailable} @ https://lovable.dev/assets/vendor-sentry-vWI4qm9Q.js:14
[  575510ms] [ERROR] Failed to load resource: net::ERR_NETWORK_CHANGED @ https://fd2d5ef4-6a05-491c-94fa-c6f7173492d8.lovableproject.com/_sandbox/dev-server:0
[  620290ms] [ERROR] Code WebSocket closed prematurely {project_id: fd2d5ef4-6a05-491c-94fa-c6f7173492d8, event: CloseEvent} @ https://lovable.dev/assets/vendor-sentry-vWI4qm9Q.js:14
[  756081ms] [ERROR] [tr-ws] server error {scopeId: fd2d5ef4-6a05-491c-94fa-c6f7173492d8, message: service_unavailable} @ https://lovable.dev/assets/vendor-sentry-vWI4qm9Q.js:14
